  Map.cpp
C:\Program Files (x86)\Microsoft Visual Studio\2019\Community\VC\Tools\MSVC\14.21.27702\include\memory(1527,71): warning C4244:  'argument': conversion from 'int' to 'float', possible loss of data
C:\Program Files (x86)\Microsoft Visual Studio\2019\Community\VC\Tools\MSVC\14.21.27702\include\memory(1581): message :  see reference to function template instantiation 'std::_Ref_count_obj<_Ty>::_Ref_count_obj<std::string&,int&,int&>(std::string &,int &,int &)' being compiled
C:\Program Files (x86)\Microsoft Visual Studio\2019\Community\VC\Tools\MSVC\14.21.27702\include\memory(1581): message :         with
C:\Program Files (x86)\Microsoft Visual Studio\2019\Community\VC\Tools\MSVC\14.21.27702\include\memory(1581): message :         [
C:\Program Files (x86)\Microsoft Visual Studio\2019\Community\VC\Tools\MSVC\14.21.27702\include\memory(1581): message :             _Ty=Tile
C:\Program Files (x86)\Microsoft Visual Studio\2019\Community\VC\Tools\MSVC\14.21.27702\include\memory(1581): message :         ]
C:\Program Files (x86)\Microsoft Visual Studio\2019\Community\VC\Tools\MSVC\14.21.27702\include\memory(1582): message :  see reference to function template instantiation 'std::_Ref_count_obj<_Ty>::_Ref_count_obj<std::string&,int&,int&>(std::string &,int &,int &)' being compiled
C:\Program Files (x86)\Microsoft Visual Studio\2019\Community\VC\Tools\MSVC\14.21.27702\include\memory(1582): message :         with
C:\Program Files (x86)\Microsoft Visual Studio\2019\Community\VC\Tools\MSVC\14.21.27702\include\memory(1582): message :         [
C:\Program Files (x86)\Microsoft Visual Studio\2019\Community\VC\Tools\MSVC\14.21.27702\include\memory(1582): message :             _Ty=Tile
C:\Program Files (x86)\Microsoft Visual Studio\2019\Community\VC\Tools\MSVC\14.21.27702\include\memory(1582): message :         ]
C:\Users\Ryad\source\repos\Pokemon\Pokemon Fire Red Remake\Map.cpp(111): message :  see reference to function template instantiation 'std::shared_ptr<Tile> std::make_shared<Tile,std::string&,int&,int&>(std::string &,int &,int &)' being compiled
C:\Program Files (x86)\Microsoft Visual Studio\2019\Community\VC\Tools\MSVC\14.21.27702\include\chrono(595): message :  see reference to class template instantiation 'std::chrono::duration<double,std::ratio<1,1>>' being compiled
C:\Program Files (x86)\Microsoft Visual Studio\2019\Community\VC\Tools\MSVC\14.21.27702\include\chrono(172): message :  see reference to class template instantiation 'std::chrono::duration<__int64,std::nano>' being compiled
C:\Program Files (x86)\Microsoft Visual Studio\2019\Community\VC\Tools\MSVC\14.21.27702\include\chrono(574): message :  see reference to class template instantiation 'std::chrono::time_point<std::chrono::steady_clock,std::chrono::steady_clock::duration>' being compiled
  Generating code
  31 of 643 functions ( 4.8%) were compiled, the rest were copied from previous compilation.
    27 functions were new in current compilation
    4 functions had inline decision re-evaluated but remain unchanged
  Finished generating code
  Pokemon Fire Red Remake.vcxproj -> C:\Users\Ryad\source\repos\Pokemon\Release\Pokemon Fire Red Remake.exe
